<?xml version="1.0" encoding="UTF-8"?>
<testsuite xmlns:xsi="http://www.w3.org/2001/XMLSchema-instance" xsi:noNamespaceSchemaLocation="https://maven.apache.org/surefire/maven-surefire-plugin/xsd/surefire-test-report-3.0.xsd" version="3.0" name="com.uengine.result_comparator.OracleDBManagerTest" time="0.456" tests="1" errors="0" skipped="0" failures="1">
  <properties>
[...]
</properties>
  <testcase name="testLogComparison" classname="com.uengine.result_comparator.OracleDBManagerTest" time="0.409">
    <failure message="로그 비교 중 예외가 발생했습니다. ==&gt; Unexpected exception thrown: org.opentest4j.AssertionFailedError: Java와 PL/SQL 로그의 핵심 정보가 일치하지 않습니다. ==&gt; expected: &lt;true&gt; but was: &lt;false&gt;" type="org.opentest4j.AssertionFailedError"><![CDATA[org.opentest4j.AssertionFailedError: 로그 비교 중 예외가 발생했습니다. ==> Unexpected exception thrown: org.opentest4j.AssertionFailedError: Java와 PL/SQL 로그의 핵심 정보가 일치하지 않습니다. ==> expected: <true> but was: <false>
	at org.junit.jupiter.api.AssertionFailureBuilder.build(AssertionFailureBuilder.java:152)
	at org.junit.jupiter.api.AssertDoesNotThrow.createAssertionFailedError(AssertDoesNotThrow.java:84)
	at org.junit.jupiter.api.AssertDoesNotThrow.assertDoesNotThrow(AssertDoesNotThrow.java:53)
	at org.junit.jupiter.api.AssertDoesNotThrow.assertDoesNotThrow(AssertDoesNotThrow.java:40)
	at org.junit.jupiter.api.Assertions.assertDoesNotThrow(Assertions.java:3187)
	at com.uengine.result_comparator.OracleDBManagerTest.testLogComparison(OracleDBManagerTest.java:96)
	at java.base/java.lang.reflect.Method.invoke(Method.java:568)
	at java.base/java.util.ArrayList.forEach(ArrayList.java:1511)
	at java.base/java.util.ArrayList.forEach(ArrayList.java:1511)
Caused by: org.opentest4j.AssertionFailedError: Java와 PL/SQL 로그의 핵심 정보가 일치하지 않습니다. ==> expected: <true> but was: <false>
	at org.junit.jupiter.api.AssertionFailureBuilder.build(AssertionFailureBuilder.java:151)
	at org.junit.jupiter.api.AssertionFailureBuilder.buildAndThrow(AssertionFailureBuilder.java:132)
	at org.junit.jupiter.api.AssertTrue.failNotTrue(AssertTrue.java:63)
	at org.junit.jupiter.api.AssertTrue.assertTrue(AssertTrue.java:36)
	at org.junit.jupiter.api.Assertions.assertTrue(Assertions.java:214)
	at com.uengine.result_comparator.OracleDBManagerTest.lambda$testLogComparison$6(OracleDBManagerTest.java:98)
	at org.junit.jupiter.api.AssertDoesNotThrow.assertDoesNotThrow(AssertDoesNotThrow.java:49)
	... 6 more
]]></failure>
    <system-out><![CDATA[Java 로그:
u_EMPLOYEES: {"ID":"AQ==","BASESALARY":{"scale":0,"value":"E4g="},"CONTRACTTAXRATE":{"scale":1,"value":"AQ=="},"EMPLOYEEID":"AQ==","EMPLOYEETYPE":"Regular","FINALSALARY":{"scale":1,"value":"AKpD"}}
c_WORK_LOGS: {"ID":"AQ==","EMPLOYEEID":"AQ==","OVERHOURS":{"scale":0,"value":"Ag=="},"WORKDATE":1732752000000}
c_EMPLOYEES: {"ID":"AQ==","BASESALARY":{"scale":0,"value":"E4g="},"CONTRACTTAXRATE":{"scale":1,"value":"AQ=="},"EMPLOYEEID":"AQ==","EMPLOYEETYPE":"Regular","FINALSALARY":{"scale":0,"value":"E4g="}}
c_LEAVE_RECORDS: {"ID":"AQ==","EMPLOYEEID":"AQ==","LEAVEDATE":1732752000000,"LEAVEDAYS":{"scale":0,"value":"AQ=="},"LEAVETYPE":"Unpaid"}

PL/SQL 로그:
u_EMPLOYEES: {"ID":"AQ==","EMPLOYEEID":"AQ==","BASESALARY":{"scale":0,"value":"E4g="},"CONTRACTTAXRATE":{"scale":1,"value":"AQ=="},"FINALSALARY":{"scale":3,"value":"QoTP"},"EMPLOYEETYPE":"Regular"}
c_WORK_LOGS: {"ID":"AQ==","EMPLOYEEID":"AQ==","OVERHOURS":{"scale":0,"value":"Ag=="},"WORKDATE":1732752000000}
c_EMPLOYEES: {"ID":"AQ==","EMPLOYEEID":"AQ==","BASESALARY":{"scale":0,"value":"E4g="},"CONTRACTTAXRATE":{"scale":1,"value":"AQ=="},"FINALSALARY":{"scale":0,"value":"E4g="},"EMPLOYEETYPE":"Regular"}
c_LEAVE_RECORDS: {"ID":"AQ==","EMPLOYEEID":"AQ==","LEAVEDATE":1732752000000,"LEAVEDAYS":{"scale":0,"value":"AQ=="},"LEAVETYPE":"Unpaid"}

차이점:
Key: u_EMPLOYEES
Java: {"ID":"AQ==","BASESALARY":{"scale":0,"value":"E4g="},"CONTRACTTAXRATE":{"scale":1,"value":"AQ=="},"EMPLOYEEID":"AQ==","EMPLOYEETYPE":"Regular","FINALSALARY":{"scale":1,"value":"AKpD"}}
PL/SQL: {"ID":"AQ==","EMPLOYEEID":"AQ==","BASESALARY":{"scale":0,"value":"E4g="},"CONTRACTTAXRATE":{"scale":1,"value":"AQ=="},"FINALSALARY":{"scale":3,"value":"QoTP"},"EMPLOYEETYPE":"Regular"}

]]></system-out>
  </testcase>
</testsuite>